{"C:\\Users\\scott\\Desktop\\BigO\\src\\bst-node.js": {"path":"C:\\Users\\scott\\Desktop\\BigO\\src\\bst-node.js","statementMap":{"0":{"start":{"line":3,"column":4},"end":{"line":3,"column":21}},"1":{"start":{"line":4,"column":4},"end":{"line":4,"column":21}},"2":{"start":{"line":5,"column":4},"end":{"line":5,"column":22}}},"fnMap":{"0":{"name":"(anonymous_0)","decl":{"start":{"line":2,"column":2},"end":{"line":2,"column":3}},"loc":{"start":{"line":2,"column":20},"end":{"line":6,"column":3}},"line":2}},"branchMap":{},"s":{"0":15,"1":15,"2":15},"f":{"0":15},"b":{},"_coverageSchema":"43e27e138ebf9cfc5966b082cf9a028302ed4184","hash":"a4ef3f118017cba988bfc2592d235c0933e2fa60"}
,"C:\\Users\\scott\\Desktop\\BigO\\src\\bst.js": {"path":"C:\\Users\\scott\\Desktop\\BigO\\src\\bst.js","statementMap":{"0":{"start":{"line":3,"column":4},"end":{"line":3,"column":21}},"1":{"start":{"line":7,"column":4},"end":{"line":7,"column":21}},"2":{"start":{"line":11,"column":4},"end":{"line":32,"column":5}},"3":{"start":{"line":12,"column":6},"end":{"line":12,"column":31}},"4":{"start":{"line":14,"column":24},"end":{"line":14,"column":33}},"5":{"start":{"line":15,"column":6},"end":{"line":31,"column":7}},"6":{"start":{"line":16,"column":8},"end":{"line":30,"column":9}},"7":{"start":{"line":17,"column":10},"end":{"line":22,"column":11}},"8":{"start":{"line":18,"column":12},"end":{"line":18,"column":44}},"9":{"start":{"line":19,"column":12},"end":{"line":19,"column":24}},"10":{"start":{"line":21,"column":12},"end":{"line":21,"column":43}},"11":{"start":{"line":23,"column":15},"end":{"line":30,"column":9}},"12":{"start":{"line":24,"column":10},"end":{"line":29,"column":11}},"13":{"start":{"line":25,"column":12},"end":{"line":25,"column":45}},"14":{"start":{"line":26,"column":12},"end":{"line":26,"column":24}},"15":{"start":{"line":28,"column":12},"end":{"line":28,"column":43}}},"fnMap":{"0":{"name":"(anonymous_0)","decl":{"start":{"line":2,"column":2},"end":{"line":2,"column":3}},"loc":{"start":{"line":2,"column":16},"end":{"line":4,"column":3}},"line":2},"1":{"name":"(anonymous_1)","decl":{"start":{"line":6,"column":2},"end":{"line":6,"column":3}},"loc":{"start":{"line":6,"column":19},"end":{"line":8,"column":3}},"line":6},"2":{"name":"(anonymous_2)","decl":{"start":{"line":10,"column":2},"end":{"line":10,"column":3}},"loc":{"start":{"line":10,"column":23},"end":{"line":33,"column":3}},"line":10}},"branchMap":{"0":{"loc":{"start":{"line":11,"column":4},"end":{"line":32,"column":5}},"type":"if","locations":[{"start":{"line":11,"column":4},"end":{"line":32,"column":5}},{"start":{"line":11,"column":4},"end":{"line":32,"column":5}}],"line":11},"1":{"loc":{"start":{"line":16,"column":8},"end":{"line":30,"column":9}},"type":"if","locations":[{"start":{"line":16,"column":8},"end":{"line":30,"column":9}},{"start":{"line":16,"column":8},"end":{"line":30,"column":9}}],"line":16},"2":{"loc":{"start":{"line":17,"column":10},"end":{"line":22,"column":11}},"type":"if","locations":[{"start":{"line":17,"column":10},"end":{"line":22,"column":11}},{"start":{"line":17,"column":10},"end":{"line":22,"column":11}}],"line":17},"3":{"loc":{"start":{"line":23,"column":15},"end":{"line":30,"column":9}},"type":"if","locations":[{"start":{"line":23,"column":15},"end":{"line":30,"column":9}},{"start":{"line":23,"column":15},"end":{"line":30,"column":9}}],"line":23},"4":{"loc":{"start":{"line":24,"column":10},"end":{"line":29,"column":11}},"type":"if","locations":[{"start":{"line":24,"column":10},"end":{"line":29,"column":11}},{"start":{"line":24,"column":10},"end":{"line":29,"column":11}}],"line":24}},"s":{"0":7,"1":1,"2":13,"3":5,"4":8,"5":8,"6":11,"7":6,"8":4,"9":4,"10":2,"11":5,"12":5,"13":4,"14":4,"15":1},"f":{"0":7,"1":1,"2":13},"b":{"0":[5,8],"1":[6,5],"2":[4,2],"3":[5,0],"4":[4,1]},"_coverageSchema":"43e27e138ebf9cfc5966b082cf9a028302ed4184","hash":"bb24683104383e441abd43f2e1811f35d7b044fa"}
}
