TN:
SF:C:\Users\scott\Desktop\BigO\src\bst-node.js
FN:2,(anonymous_0)
FNF:1
FNH:1
FNDA:12,(anonymous_0)
DA:3,12
DA:4,12
DA:5,12
LF:3
LH:3
BRF:0
BRH:0
end_of_record
TN:
SF:C:\Users\scott\Desktop\BigO\src\bst.js
FN:2,(anonymous_0)
FN:6,(anonymous_1)
FN:10,(anonymous_2)
FNF:3
FNH:3
FNDA:6,(anonymous_0)
FNDA:1,(anonymous_1)
FNDA:10,(anonymous_2)
DA:3,6
DA:7,1
DA:11,10
DA:12,4
DA:14,6
DA:15,6
DA:16,8
DA:17,4
DA:18,3
DA:19,3
DA:21,1
DA:23,4
DA:24,4
DA:25,3
DA:26,3
DA:28,1
LF:16
LH:16
BRDA:11,0,0,4
BRDA:11,0,1,6
BRDA:16,1,0,4
BRDA:16,1,1,4
BRDA:17,2,0,3
BRDA:17,2,1,1
BRDA:23,3,0,4
BRDA:23,3,1,0
BRDA:24,4,0,3
BRDA:24,4,1,1
BRF:10
BRH:9
end_of_record
