TN:
SF:C:\Users\scott\Desktop\BigO\src\bst-node.js
FN:2,(anonymous_0)
FNF:1
FNH:1
FNDA:9,(anonymous_0)
DA:3,9
DA:4,9
DA:5,9
LF:3
LH:3
BRF:0
BRH:0
end_of_record
TN:
SF:C:\Users\scott\Desktop\BigO\src\bst.js
FN:2,(anonymous_0)
FN:6,(anonymous_1)
FN:10,(anonymous_2)
FNF:3
FNH:3
FNDA:5,(anonymous_0)
FNDA:1,(anonymous_1)
FNDA:7,(anonymous_2)
DA:3,5
DA:7,1
DA:11,7
DA:12,3
DA:14,4
DA:15,4
DA:16,5
DA:17,4
DA:18,3
DA:19,3
DA:21,1
DA:23,1
DA:24,1
DA:25,1
LF:14
LH:14
BRDA:11,0,0,3
BRDA:11,0,1,4
BRDA:16,1,0,4
BRDA:16,1,1,1
BRDA:17,2,0,3
BRDA:17,2,1,1
BRDA:23,3,0,1
BRDA:23,3,1,0
BRF:8
BRH:7
end_of_record
